<?xml version="1.0" encoding="UTF-8"?>
<!-- Generated by org.testng.reporters.JUnitReportReporter -->
<testsuite skipped="0" hostname="VISHAL-HP" name="org.selenium.test.AccessDataFromConfigFile" tests="1" failures="0" timestamp="22 Mar 2018 11:10:59 GMT" time="5.948" errors="0">
  <testcase name="configFileDemo" time="5.948" classname="org.selenium.test.AccessDataFromConfigFile"/>
</testsuite> <!-- org.selenium.test.AccessDataFromConfigFile -->
