<?xml version="1.0" encoding="UTF-8"?>
<!-- Generated by org.testng.reporters.JUnitReportReporter -->
<testsuite skipped="0" hostname="VISHAL-HP" name="org.selenium.test.AccessDataFromPropertyFile" tests="1" failures="0" timestamp="22 Mar 2018 11:47:08 GMT" time="7.708" errors="0">
  <testcase name="pripertyFileDemo" time="7.708" classname="org.selenium.test.AccessDataFromPropertyFile"/>
</testsuite> <!-- org.selenium.test.AccessDataFromPropertyFile -->
