<?xml version="1.0" encoding="UTF-8"?>
<!-- Generated by org.testng.reporters.JUnitReportReporter -->
<testsuite skipped="0" hostname="VISHAL-HP" name="org.selenium.test.SeleniumGridDemo" tests="2" failures="0" timestamp="21 Mar 2018 11:10:57 GMT" time="75.790" errors="0">
  <testcase name="LaunchFireFoxAndChrome" time="37.909" classname="org.selenium.test.SeleniumGridDemo"/>
  <testcase name="LaunchFireFoxAndChrome" time="37.881" classname="org.selenium.test.SeleniumGridDemo"/>
</testsuite> <!-- org.selenium.test.SeleniumGridDemo -->
