<?xml version="1.0" encoding="UTF-8"?>
<!-- Generated by org.testng.reporters.JUnitReportReporter -->
<testsuite skipped="0" hostname="VISHAL-HP" name="org.selenium.test.SeleniumGridNew" tests="2" failures="0" timestamp="21 Mar 2018 12:17:54 GMT" time="66.470" errors="0">
  <testcase name="launchFirefoxAndChrome" time="30.302" classname="org.selenium.test.SeleniumGridNew"/>
  <testcase name="launchFirefoxAndChrome" time="36.168" classname="org.selenium.test.SeleniumGridNew"/>
</testsuite> <!-- org.selenium.test.SeleniumGridNew -->
