<?xml version="1.0" encoding="UTF-8"?>
<!-- Generated by org.testng.reporters.JUnitReportReporter -->
<testsuite skipped="0" hostname="VISHAL-HP" name="org.selenium.test.TestLinkSeleniumIntegration" tests="1" failures="0" timestamp="15 Sep 2018 07:07:09 GMT" time="12.494" errors="0">
  <testcase name="testOne" time="12.494" classname="org.selenium.test.TestLinkSeleniumIntegration"/>
</testsuite> <!-- org.selenium.test.TestLinkSeleniumIntegration -->
