<?xml version="1.0" encoding="UTF-8"?>
<!-- Generated by org.testng.reporters.JUnitReportReporter -->
<testsuite skipped="0" hostname="VISHAL-HP" name="org.selenium.test.TestLogin_MySQLDatabaseusingSelenium" tests="1" failures="0" timestamp="06 Apr 2018 07:34:40 GMT" time="23.054" errors="0">
  <testcase name="testLogin" time="23.054" classname="org.selenium.test.TestLogin_MySQLDatabaseusingSelenium"/>
</testsuite> <!-- org.selenium.test.TestLogin_MySQLDatabaseusingSelenium -->
