<?xml version="1.0" encoding="UTF-8"?>
<!-- Generated by org.testng.reporters.JUnitReportReporter -->
<testsuite skipped="0" hostname="VISHAL-HP" name="org.selenium.test.SeleniumGridNew" tests="2" failures="0" timestamp="20 Aug 2018 05:45:58 GMT" time="71.653" errors="0">
  <testcase name="launchFirefoxAndChrome" time="32.297" classname="org.selenium.test.SeleniumGridNew"/>
  <testcase name="launchFirefoxAndChrome" time="39.356" classname="org.selenium.test.SeleniumGridNew"/>
</testsuite> <!-- org.selenium.test.SeleniumGridNew -->
