<?xml version="1.0" encoding="UTF-8"?>
<!-- Generated by org.testng.reporters.JUnitReportReporter -->
<testsuite skipped="0" hostname="VISHAL-HP" name="org.selenium.test.DataBaseTesting" tests="1" failures="0" timestamp="06 Apr 2018 08:19:24 GMT" time="17.397" errors="0">
  <testcase name="testLogin" time="17.397" classname="org.selenium.test.DataBaseTesting"/>
</testsuite> <!-- org.selenium.test.DataBaseTesting -->
