<?xml version="1.0" encoding="UTF-8"?>
<!-- Generated by org.testng.reporters.JUnitReportReporter -->
<testsuite skipped="0" hostname="VISHAL-HP" name="org.selenium.test.DataBaseTesting" tests="1" failures="0" timestamp="07 Sep 2018 05:43:14 GMT" time="15.610" errors="0">
  <testcase name="testLogin" time="15.610" classname="org.selenium.test.DataBaseTesting"/>
</testsuite> <!-- org.selenium.test.DataBaseTesting -->
