<?xml version="1.0" encoding="UTF-8"?>
<!-- Generated by org.testng.reporters.JUnitReportReporter -->
<testsuite skipped="0" hostname="VISHAL-HP" name="org.selenium.test.TestLinkIntegration" tests="1" failures="0" timestamp="11 Sep 2018 08:50:32 GMT" time="13.549" errors="0">
  <testcase name="TestOne" time="13.549" classname="org.selenium.test.TestLinkIntegration"/>
</testsuite> <!-- org.selenium.test.TestLinkIntegration -->
