<?xml version="1.0" encoding="UTF-8"?>
<!-- Generated by org.testng.reporters.JUnitReportReporter -->
<testsuite skipped="0" hostname="VISHAL-HP" name="org.selenium.test.AssersationsNew" tests="1" failures="0" timestamp="24 Mar 2018 07:10:57 GMT" time="5.126" errors="0">
  <testcase name="testLoginNew" time="5.126" classname="org.selenium.test.AssersationsNew"/>
</testsuite> <!-- org.selenium.test.AssersationsNew -->
