<?xml version="1.0" encoding="UTF-8"?>
<!-- Generated by org.testng.reporters.JUnitReportReporter -->
<testsuite skipped="0" hostname="VISHAL-HP" name="org.selenium.test.TestA" tests="1" failures="0" timestamp="04 Jun 2018 15:06:36 GMT" time="0.002" errors="0">
  <testcase name="testA" time="0.002" classname="org.selenium.test.TestA"/>
</testsuite> <!-- org.selenium.test.TestA -->
