<?xml version="1.0" encoding="UTF-8"?>
<!-- Generated by org.testng.reporters.JUnitReportReporter -->
<testsuite skipped="0" hostname="VISHAL-HP" name="org.selenium.test.TestLinkSeleniumIntegration" tests="1" failures="0" timestamp="11 Sep 2018 09:16:40 GMT" time="9.941" errors="0">
  <testcase name="testOne" time="9.941" classname="org.selenium.test.TestLinkSeleniumIntegration"/>
</testsuite> <!-- org.selenium.test.TestLinkSeleniumIntegration -->
